e:\workspace4\cashier_deamon\cashier_deamon\debug\cashier_deamon.pch
e:\workspace4\cashier_deamon\cashier_deamon\debug\vc140.pdb
e:\workspace4\cashier_deamon\cashier_deamon\debug\vc140.idb
e:\workspace4\cashier_deamon\cashier_deamon\debug\stdafx.obj
e:\workspace4\cashier_deamon\cashier_deamon\debug\cashier_deamon.obj
e:\workspace4\cashier_deamon\cashier_deamon\debug\process.obj
e:\workspace4\cashier_deamon\cashier_deamon\debug\windeamonapp.obj
e:\workspace4\cashier_deamon\debug\node_deamon.ilk
e:\workspace4\cashier_deamon\debug\node_deamon.exe
e:\workspace4\cashier_deamon\debug\cashier_deamon.pdb
e:\workspace4\cashier_deamon\cashier_deamon\debug\cashier_deamon.res
e:\workspace4\cashier_deamon\cashier_deamon\debug\cashier_deamon.tlog\cl.command.1.tlog
e:\workspace4\cashier_deamon\cashier_deamon\debug\cashier_deamon.tlog\cl.read.1.tlog
e:\workspace4\cashier_deamon\cashier_deamon\debug\cashier_deamon.tlog\cl.write.1.tlog
e:\workspace4\cashier_deamon\cashier_deamon\debug\cashier_deamon.tlog\link.command.1.tlog
e:\workspace4\cashier_deamon\cashier_deamon\debug\cashier_deamon.tlog\link.read.1.tlog
e:\workspace4\cashier_deamon\cashier_deamon\debug\cashier_deamon.tlog\link.write.1.tlog
e:\workspace4\cashier_deamon\cashier_deamon\debug\cashier_deamon.tlog\rc.command.1.tlog
e:\workspace4\cashier_deamon\cashier_deamon\debug\cashier_deamon.tlog\rc.read.1.tlog
e:\workspace4\cashier_deamon\cashier_deamon\debug\cashier_deamon.tlog\rc.write.1.tlog
